2014-05-29 15:46:10,862 - Log4JLogChute initialized using file 'velocity.log'
2014-05-29 15:46:10,862 - Starting Apache Velocity v1.6.3 (compiled: 2009-12-07 15:40:14)
2014-05-29 15:46:10,862 - Default Properties File: org\apache\velocity\runtime\defaults\velocity.properties
2014-05-29 15:46:10,862 - Trying to use logger class org.apache.velocity.runtime.log.AvalonLogChute
2014-05-29 15:46:10,862 - Target log system for org.apache.velocity.runtime.log.AvalonLogChute is not available (java.lang.NoClassDefFoundError: org/apache/log/format/Formatter).  Falling back to next log system...
2014-05-29 15:46:10,862 - Trying to use logger class org.apache.velocity.runtime.log.Log4JLogChute
2014-05-29 15:46:10,862 - Using logger class org.apache.velocity.runtime.log.Log4JLogChute
2014-05-29 15:46:10,876 - ResourceLoader instantiated: org.apache.velocity.runtime.resource.loader.FileResourceLoader
2014-05-29 15:46:10,877 - Do unicode file recognition:  false
2014-05-29 15:46:10,877 - FileResourceLoader : adding path 'D:\temp\exercise-oauth2\exercise-oauth2-service-provider\src\main\webapp'
2014-05-29 15:46:10,878 - ResourceLoader instantiated: org.apache.struts2.views.velocity.StrutsResourceLoader
2014-05-29 15:46:10,939 - ResourceCache: initialized (class org.apache.velocity.runtime.resource.ResourceCacheImpl) with class java.util.Collections$SynchronizedMap cache map.
2014-05-29 15:46:10,941 - Loaded System Directive: org.apache.velocity.runtime.directive.Define
2014-05-29 15:46:10,941 - Loaded System Directive: org.apache.velocity.runtime.directive.Break
2014-05-29 15:46:10,946 - Loaded System Directive: org.apache.velocity.runtime.directive.Evaluate
2014-05-29 15:46:10,948 - Loaded System Directive: org.apache.velocity.runtime.directive.Literal
2014-05-29 15:46:10,950 - Loaded System Directive: org.apache.velocity.runtime.directive.Macro
2014-05-29 15:46:10,952 - Loaded System Directive: org.apache.velocity.runtime.directive.Parse
2014-05-29 15:46:10,953 - Loaded System Directive: org.apache.velocity.runtime.directive.Include
2014-05-29 15:46:10,954 - Loaded System Directive: org.apache.velocity.runtime.directive.Foreach
2014-05-29 15:46:10,976 - Loaded User Directive: org.apache.struts2.views.velocity.components.ActionDirective
2014-05-29 15:46:10,977 - Loaded User Directive: org.apache.struts2.views.velocity.components.BeanDirective
2014-05-29 15:46:10,987 - Loaded User Directive: org.apache.struts2.views.velocity.components.CheckBoxDirective
2014-05-29 15:46:10,994 - Loaded User Directive: org.apache.struts2.views.velocity.components.CheckBoxListDirective
2014-05-29 15:46:10,995 - Loaded User Directive: org.apache.struts2.views.velocity.components.ComboBoxDirective
2014-05-29 15:46:10,995 - Loaded User Directive: org.apache.struts2.views.velocity.components.ComponentDirective
2014-05-29 15:46:10,997 - Loaded User Directive: org.apache.struts2.views.velocity.components.DateDirective
2014-05-29 15:46:10,998 - Loaded User Directive: org.apache.struts2.views.velocity.components.DivDirective
2014-05-29 15:46:10,999 - Loaded User Directive: org.apache.struts2.views.velocity.components.DoubleSelectDirective
2014-05-29 15:46:11,000 - Loaded User Directive: org.apache.struts2.views.velocity.components.FileDirective
2014-05-29 15:46:11,002 - Loaded User Directive: org.apache.struts2.views.velocity.components.FormDirective
2014-05-29 15:46:11,002 - Loaded User Directive: org.apache.struts2.views.velocity.components.HeadDirective
2014-05-29 15:46:11,003 - Loaded User Directive: org.apache.struts2.views.velocity.components.HiddenDirective
2014-05-29 15:46:11,004 - Loaded User Directive: org.apache.struts2.views.velocity.components.AnchorDirective
2014-05-29 15:46:11,007 - Loaded User Directive: org.apache.struts2.views.velocity.components.I18nDirective
2014-05-29 15:46:11,010 - Loaded User Directive: org.apache.struts2.views.velocity.components.IncludeDirective
2014-05-29 15:46:11,011 - Loaded User Directive: org.apache.struts2.views.velocity.components.LabelDirective
2014-05-29 15:46:11,012 - Loaded User Directive: org.apache.struts2.views.velocity.components.ParamDirective
2014-05-29 15:46:11,012 - Loaded User Directive: org.apache.struts2.views.velocity.components.PasswordDirective
2014-05-29 15:46:11,013 - Loaded User Directive: org.apache.struts2.views.velocity.components.PushDirective
2014-05-29 15:46:11,013 - Loaded User Directive: org.apache.struts2.views.velocity.components.PropertyDirective
2014-05-29 15:46:11,014 - Loaded User Directive: org.apache.struts2.views.velocity.components.RadioDirective
2014-05-29 15:46:11,014 - Loaded User Directive: org.apache.struts2.views.velocity.components.SelectDirective
2014-05-29 15:46:11,015 - Loaded User Directive: org.apache.struts2.views.velocity.components.SetDirective
2014-05-29 15:46:11,016 - Loaded User Directive: org.apache.struts2.views.velocity.components.SubmitDirective
2014-05-29 15:46:11,016 - Loaded User Directive: org.apache.struts2.views.velocity.components.ResetDirective
2014-05-29 15:46:11,016 - Loaded User Directive: org.apache.struts2.views.velocity.components.TextAreaDirective
2014-05-29 15:46:11,017 - Loaded User Directive: org.apache.struts2.views.velocity.components.TextDirective
2014-05-29 15:46:11,017 - Loaded User Directive: org.apache.struts2.views.velocity.components.TextFieldDirective
2014-05-29 15:46:11,017 - Loaded User Directive: org.apache.struts2.views.velocity.components.TokenDirective
2014-05-29 15:46:11,018 - Loaded User Directive: org.apache.struts2.views.velocity.components.URLDirective
2014-05-29 15:46:11,019 - Loaded User Directive: org.apache.struts2.views.velocity.components.ActionErrorDirective
2014-05-29 15:46:11,019 - Loaded User Directive: org.apache.struts2.views.velocity.components.ActionMessageDirective
2014-05-29 15:46:11,020 - Loaded User Directive: org.apache.struts2.views.velocity.components.FieldErrorDirective
2014-05-29 15:46:11,023 - Loaded User Directive: org.apache.struts2.views.velocity.components.OptionTransferSelectDirective
2014-05-29 15:46:11,023 - Loaded User Directive: org.apache.struts2.views.velocity.components.UpDownSelectDirective
2014-05-29 15:46:11,023 - Loaded User Directive: org.apache.struts2.views.velocity.components.ActionDirective
2014-05-29 15:46:11,024 - Loaded User Directive: org.apache.struts2.views.velocity.components.BeanDirective
2014-05-29 15:46:11,024 - Loaded User Directive: org.apache.struts2.views.velocity.components.CheckBoxDirective
2014-05-29 15:46:11,024 - Loaded User Directive: org.apache.struts2.views.velocity.components.CheckBoxListDirective
2014-05-29 15:46:11,024 - Loaded User Directive: org.apache.struts2.views.velocity.components.ComboBoxDirective
2014-05-29 15:46:11,024 - Loaded User Directive: org.apache.struts2.views.velocity.components.ComponentDirective
2014-05-29 15:46:11,024 - Loaded User Directive: org.apache.struts2.views.velocity.components.DateDirective
2014-05-29 15:46:11,024 - Loaded User Directive: org.apache.struts2.views.velocity.components.DivDirective
2014-05-29 15:46:11,024 - Loaded User Directive: org.apache.struts2.views.velocity.components.DoubleSelectDirective
2014-05-29 15:46:11,024 - Loaded User Directive: org.apache.struts2.views.velocity.components.FileDirective
2014-05-29 15:46:11,024 - Loaded User Directive: org.apache.struts2.views.velocity.components.FormDirective
2014-05-29 15:46:11,024 - Loaded User Directive: org.apache.struts2.views.velocity.components.HeadDirective
2014-05-29 15:46:11,024 - Loaded User Directive: org.apache.struts2.views.velocity.components.HiddenDirective
2014-05-29 15:46:11,024 - Loaded User Directive: org.apache.struts2.views.velocity.components.AnchorDirective
2014-05-29 15:46:11,024 - Loaded User Directive: org.apache.struts2.views.velocity.components.I18nDirective
2014-05-29 15:46:11,024 - Loaded User Directive: org.apache.struts2.views.velocity.components.IncludeDirective
2014-05-29 15:46:11,024 - Loaded User Directive: org.apache.struts2.views.velocity.components.LabelDirective
2014-05-29 15:46:11,024 - Loaded User Directive: org.apache.struts2.views.velocity.components.ParamDirective
2014-05-29 15:46:11,024 - Loaded User Directive: org.apache.struts2.views.velocity.components.PasswordDirective
2014-05-29 15:46:11,024 - Loaded User Directive: org.apache.struts2.views.velocity.components.PushDirective
2014-05-29 15:46:11,024 - Loaded User Directive: org.apache.struts2.views.velocity.components.PropertyDirective
2014-05-29 15:46:11,024 - Loaded User Directive: org.apache.struts2.views.velocity.components.RadioDirective
2014-05-29 15:46:11,024 - Loaded User Directive: org.apache.struts2.views.velocity.components.SelectDirective
2014-05-29 15:46:11,024 - Loaded User Directive: org.apache.struts2.views.velocity.components.SetDirective
2014-05-29 15:46:11,024 - Loaded User Directive: org.apache.struts2.views.velocity.components.SubmitDirective
2014-05-29 15:46:11,024 - Loaded User Directive: org.apache.struts2.views.velocity.components.ResetDirective
2014-05-29 15:46:11,024 - Loaded User Directive: org.apache.struts2.views.velocity.components.TextAreaDirective
2014-05-29 15:46:11,024 - Loaded User Directive: org.apache.struts2.views.velocity.components.TextDirective
2014-05-29 15:46:11,024 - Loaded User Directive: org.apache.struts2.views.velocity.components.TextFieldDirective
2014-05-29 15:46:11,025 - Loaded User Directive: org.apache.struts2.views.velocity.components.TokenDirective
2014-05-29 15:46:11,025 - Loaded User Directive: org.apache.struts2.views.velocity.components.URLDirective
2014-05-29 15:46:11,025 - Loaded User Directive: org.apache.struts2.views.velocity.components.ActionErrorDirective
2014-05-29 15:46:11,025 - Loaded User Directive: org.apache.struts2.views.velocity.components.ActionMessageDirective
2014-05-29 15:46:11,025 - Loaded User Directive: org.apache.struts2.views.velocity.components.FieldErrorDirective
2014-05-29 15:46:11,025 - Loaded User Directive: org.apache.struts2.views.velocity.components.OptionTransferSelectDirective
2014-05-29 15:46:11,025 - Loaded User Directive: org.apache.struts2.views.velocity.components.UpDownSelectDirective
2014-05-29 15:46:11,065 - Created '20' parsers.
2014-05-29 15:46:11,072 - Velocimacro : "velocimacro.library" is not set.  Trying default library: VM_global_library.vm
2014-05-29 15:46:11,072 - Velocimacro : Default library not found.
2014-05-29 15:46:11,073 - Velocimacro : allowInline = true : VMs can be defined inline in templates
2014-05-29 15:46:11,073 - Velocimacro : allowInlineToOverride = false : VMs defined inline may NOT replace previous VM definitions
2014-05-29 15:46:11,073 - Velocimacro : allowInlineLocal = false : VMs defined inline will be global in scope if allowed.
2014-05-29 15:46:11,073 - Velocimacro : autoload off : VM system will not automatically reload global library macros
2014-05-29 15:46:11,095 - ResourceManager : found /WEB-INF/vm/error.vm with loader org.apache.velocity.runtime.resource.loader.FileResourceLoader
2014-05-29 16:10:59,498 - Log4JLogChute initialized using file 'velocity.log'
2014-05-29 16:10:59,498 - Starting Apache Velocity v1.6.3 (compiled: 2009-12-07 15:40:14)
2014-05-29 16:10:59,498 - Default Properties File: org\apache\velocity\runtime\defaults\velocity.properties
2014-05-29 16:10:59,498 - Trying to use logger class org.apache.velocity.runtime.log.AvalonLogChute
2014-05-29 16:10:59,498 - Target log system for org.apache.velocity.runtime.log.AvalonLogChute is not available (java.lang.NoClassDefFoundError: org/apache/log/format/Formatter).  Falling back to next log system...
2014-05-29 16:10:59,498 - Trying to use logger class org.apache.velocity.runtime.log.Log4JLogChute
2014-05-29 16:10:59,498 - Using logger class org.apache.velocity.runtime.log.Log4JLogChute
2014-05-29 16:10:59,504 - ResourceLoader instantiated: org.apache.velocity.runtime.resource.loader.FileResourceLoader
2014-05-29 16:10:59,505 - Do unicode file recognition:  false
2014-05-29 16:10:59,505 - FileResourceLoader : adding path 'D:\temp\exercise-oauth2\exercise-oauth2-service-provider\src\main\webapp'
2014-05-29 16:10:59,506 - ResourceLoader instantiated: org.apache.struts2.views.velocity.StrutsResourceLoader
2014-05-29 16:10:59,519 - ResourceCache: initialized (class org.apache.velocity.runtime.resource.ResourceCacheImpl) with class java.util.Collections$SynchronizedMap cache map.
2014-05-29 16:10:59,521 - Loaded System Directive: org.apache.velocity.runtime.directive.Define
2014-05-29 16:10:59,521 - Loaded System Directive: org.apache.velocity.runtime.directive.Break
2014-05-29 16:10:59,522 - Loaded System Directive: org.apache.velocity.runtime.directive.Evaluate
2014-05-29 16:10:59,522 - Loaded System Directive: org.apache.velocity.runtime.directive.Literal
2014-05-29 16:10:59,524 - Loaded System Directive: org.apache.velocity.runtime.directive.Macro
2014-05-29 16:10:59,525 - Loaded System Directive: org.apache.velocity.runtime.directive.Parse
2014-05-29 16:10:59,526 - Loaded System Directive: org.apache.velocity.runtime.directive.Include
2014-05-29 16:10:59,527 - Loaded System Directive: org.apache.velocity.runtime.directive.Foreach
2014-05-29 16:10:59,529 - Loaded User Directive: org.apache.struts2.views.velocity.components.ActionDirective
2014-05-29 16:10:59,530 - Loaded User Directive: org.apache.struts2.views.velocity.components.BeanDirective
2014-05-29 16:10:59,531 - Loaded User Directive: org.apache.struts2.views.velocity.components.CheckBoxDirective
2014-05-29 16:10:59,532 - Loaded User Directive: org.apache.struts2.views.velocity.components.CheckBoxListDirective
2014-05-29 16:10:59,533 - Loaded User Directive: org.apache.struts2.views.velocity.components.ComboBoxDirective
2014-05-29 16:10:59,533 - Loaded User Directive: org.apache.struts2.views.velocity.components.ComponentDirective
2014-05-29 16:10:59,534 - Loaded User Directive: org.apache.struts2.views.velocity.components.DateDirective
2014-05-29 16:10:59,535 - Loaded User Directive: org.apache.struts2.views.velocity.components.DivDirective
2014-05-29 16:10:59,536 - Loaded User Directive: org.apache.struts2.views.velocity.components.DoubleSelectDirective
2014-05-29 16:10:59,536 - Loaded User Directive: org.apache.struts2.views.velocity.components.FileDirective
2014-05-29 16:10:59,537 - Loaded User Directive: org.apache.struts2.views.velocity.components.FormDirective
2014-05-29 16:10:59,537 - Loaded User Directive: org.apache.struts2.views.velocity.components.HeadDirective
2014-05-29 16:10:59,538 - Loaded User Directive: org.apache.struts2.views.velocity.components.HiddenDirective
2014-05-29 16:10:59,539 - Loaded User Directive: org.apache.struts2.views.velocity.components.AnchorDirective
2014-05-29 16:10:59,540 - Loaded User Directive: org.apache.struts2.views.velocity.components.I18nDirective
2014-05-29 16:10:59,541 - Loaded User Directive: org.apache.struts2.views.velocity.components.IncludeDirective
2014-05-29 16:10:59,541 - Loaded User Directive: org.apache.struts2.views.velocity.components.LabelDirective
2014-05-29 16:10:59,542 - Loaded User Directive: org.apache.struts2.views.velocity.components.ParamDirective
2014-05-29 16:10:59,542 - Loaded User Directive: org.apache.struts2.views.velocity.components.PasswordDirective
2014-05-29 16:10:59,543 - Loaded User Directive: org.apache.struts2.views.velocity.components.PushDirective
2014-05-29 16:10:59,543 - Loaded User Directive: org.apache.struts2.views.velocity.components.PropertyDirective
2014-05-29 16:10:59,544 - Loaded User Directive: org.apache.struts2.views.velocity.components.RadioDirective
2014-05-29 16:10:59,544 - Loaded User Directive: org.apache.struts2.views.velocity.components.SelectDirective
2014-05-29 16:10:59,545 - Loaded User Directive: org.apache.struts2.views.velocity.components.SetDirective
2014-05-29 16:10:59,546 - Loaded User Directive: org.apache.struts2.views.velocity.components.SubmitDirective
2014-05-29 16:10:59,547 - Loaded User Directive: org.apache.struts2.views.velocity.components.ResetDirective
2014-05-29 16:10:59,547 - Loaded User Directive: org.apache.struts2.views.velocity.components.TextAreaDirective
2014-05-29 16:10:59,548 - Loaded User Directive: org.apache.struts2.views.velocity.components.TextDirective
2014-05-29 16:10:59,548 - Loaded User Directive: org.apache.struts2.views.velocity.components.TextFieldDirective
2014-05-29 16:10:59,549 - Loaded User Directive: org.apache.struts2.views.velocity.components.TokenDirective
2014-05-29 16:10:59,551 - Loaded User Directive: org.apache.struts2.views.velocity.components.URLDirective
2014-05-29 16:10:59,552 - Loaded User Directive: org.apache.struts2.views.velocity.components.ActionErrorDirective
2014-05-29 16:10:59,552 - Loaded User Directive: org.apache.struts2.views.velocity.components.ActionMessageDirective
2014-05-29 16:10:59,553 - Loaded User Directive: org.apache.struts2.views.velocity.components.FieldErrorDirective
2014-05-29 16:10:59,554 - Loaded User Directive: org.apache.struts2.views.velocity.components.OptionTransferSelectDirective
2014-05-29 16:10:59,554 - Loaded User Directive: org.apache.struts2.views.velocity.components.UpDownSelectDirective
2014-05-29 16:10:59,554 - Loaded User Directive: org.apache.struts2.views.velocity.components.ActionDirective
2014-05-29 16:10:59,554 - Loaded User Directive: org.apache.struts2.views.velocity.components.BeanDirective
2014-05-29 16:10:59,554 - Loaded User Directive: org.apache.struts2.views.velocity.components.CheckBoxDirective
2014-05-29 16:10:59,554 - Loaded User Directive: org.apache.struts2.views.velocity.components.CheckBoxListDirective
2014-05-29 16:10:59,554 - Loaded User Directive: org.apache.struts2.views.velocity.components.ComboBoxDirective
2014-05-29 16:10:59,555 - Loaded User Directive: org.apache.struts2.views.velocity.components.ComponentDirective
2014-05-29 16:10:59,555 - Loaded User Directive: org.apache.struts2.views.velocity.components.DateDirective
2014-05-29 16:10:59,555 - Loaded User Directive: org.apache.struts2.views.velocity.components.DivDirective
2014-05-29 16:10:59,555 - Loaded User Directive: org.apache.struts2.views.velocity.components.DoubleSelectDirective
2014-05-29 16:10:59,555 - Loaded User Directive: org.apache.struts2.views.velocity.components.FileDirective
2014-05-29 16:10:59,555 - Loaded User Directive: org.apache.struts2.views.velocity.components.FormDirective
2014-05-29 16:10:59,555 - Loaded User Directive: org.apache.struts2.views.velocity.components.HeadDirective
2014-05-29 16:10:59,555 - Loaded User Directive: org.apache.struts2.views.velocity.components.HiddenDirective
2014-05-29 16:10:59,555 - Loaded User Directive: org.apache.struts2.views.velocity.components.AnchorDirective
2014-05-29 16:10:59,555 - Loaded User Directive: org.apache.struts2.views.velocity.components.I18nDirective
2014-05-29 16:10:59,555 - Loaded User Directive: org.apache.struts2.views.velocity.components.IncludeDirective
2014-05-29 16:10:59,555 - Loaded User Directive: org.apache.struts2.views.velocity.components.LabelDirective
2014-05-29 16:10:59,555 - Loaded User Directive: org.apache.struts2.views.velocity.components.ParamDirective
2014-05-29 16:10:59,555 - Loaded User Directive: org.apache.struts2.views.velocity.components.PasswordDirective
2014-05-29 16:10:59,555 - Loaded User Directive: org.apache.struts2.views.velocity.components.PushDirective
2014-05-29 16:10:59,555 - Loaded User Directive: org.apache.struts2.views.velocity.components.PropertyDirective
2014-05-29 16:10:59,555 - Loaded User Directive: org.apache.struts2.views.velocity.components.RadioDirective
2014-05-29 16:10:59,555 - Loaded User Directive: org.apache.struts2.views.velocity.components.SelectDirective
2014-05-29 16:10:59,555 - Loaded User Directive: org.apache.struts2.views.velocity.components.SetDirective
2014-05-29 16:10:59,555 - Loaded User Directive: org.apache.struts2.views.velocity.components.SubmitDirective
2014-05-29 16:10:59,555 - Loaded User Directive: org.apache.struts2.views.velocity.components.ResetDirective
2014-05-29 16:10:59,555 - Loaded User Directive: org.apache.struts2.views.velocity.components.TextAreaDirective
2014-05-29 16:10:59,555 - Loaded User Directive: org.apache.struts2.views.velocity.components.TextDirective
2014-05-29 16:10:59,555 - Loaded User Directive: org.apache.struts2.views.velocity.components.TextFieldDirective
2014-05-29 16:10:59,555 - Loaded User Directive: org.apache.struts2.views.velocity.components.TokenDirective
2014-05-29 16:10:59,555 - Loaded User Directive: org.apache.struts2.views.velocity.components.URLDirective
2014-05-29 16:10:59,555 - Loaded User Directive: org.apache.struts2.views.velocity.components.ActionErrorDirective
2014-05-29 16:10:59,555 - Loaded User Directive: org.apache.struts2.views.velocity.components.ActionMessageDirective
2014-05-29 16:10:59,555 - Loaded User Directive: org.apache.struts2.views.velocity.components.FieldErrorDirective
2014-05-29 16:10:59,555 - Loaded User Directive: org.apache.struts2.views.velocity.components.OptionTransferSelectDirective
2014-05-29 16:10:59,556 - Loaded User Directive: org.apache.struts2.views.velocity.components.UpDownSelectDirective
2014-05-29 16:10:59,585 - Created '20' parsers.
2014-05-29 16:10:59,590 - Velocimacro : "velocimacro.library" is not set.  Trying default library: VM_global_library.vm
2014-05-29 16:10:59,591 - Velocimacro : Default library not found.
2014-05-29 16:10:59,591 - Velocimacro : allowInline = true : VMs can be defined inline in templates
2014-05-29 16:10:59,591 - Velocimacro : allowInlineToOverride = false : VMs defined inline may NOT replace previous VM definitions
2014-05-29 16:10:59,591 - Velocimacro : allowInlineLocal = false : VMs defined inline will be global in scope if allowed.
2014-05-29 16:10:59,591 - Velocimacro : autoload off : VM system will not automatically reload global library macros
2014-05-29 16:10:59,623 - ResourceManager : found /WEB-INF/vm/error.vm with loader org.apache.velocity.runtime.resource.loader.FileResourceLoader
2014-05-29 16:12:49,207 - ResourceManager : found /WEB-INF/vm/success.vm with loader org.apache.velocity.runtime.resource.loader.FileResourceLoader
2014-05-29 16:42:09,202 - Log4JLogChute initialized using file 'velocity.log'
2014-05-29 16:42:09,202 - Starting Apache Velocity v1.6.3 (compiled: 2009-12-07 15:40:14)
2014-05-29 16:42:09,202 - Default Properties File: org\apache\velocity\runtime\defaults\velocity.properties
2014-05-29 16:42:09,202 - Trying to use logger class org.apache.velocity.runtime.log.AvalonLogChute
2014-05-29 16:42:09,202 - Target log system for org.apache.velocity.runtime.log.AvalonLogChute is not available (java.lang.NoClassDefFoundError: org/apache/log/format/Formatter).  Falling back to next log system...
2014-05-29 16:42:09,202 - Trying to use logger class org.apache.velocity.runtime.log.Log4JLogChute
2014-05-29 16:42:09,202 - Using logger class org.apache.velocity.runtime.log.Log4JLogChute
2014-05-29 16:42:09,208 - ResourceLoader instantiated: org.apache.velocity.runtime.resource.loader.FileResourceLoader
2014-05-29 16:42:09,209 - Do unicode file recognition:  false
2014-05-29 16:42:09,209 - FileResourceLoader : adding path 'D:\temp\exercise-oauth2\exercise-oauth2-service-provider\src\main\webapp'
2014-05-29 16:42:09,210 - ResourceLoader instantiated: org.apache.struts2.views.velocity.StrutsResourceLoader
2014-05-29 16:42:09,224 - ResourceCache: initialized (class org.apache.velocity.runtime.resource.ResourceCacheImpl) with class java.util.Collections$SynchronizedMap cache map.
2014-05-29 16:42:09,225 - Loaded System Directive: org.apache.velocity.runtime.directive.Define
2014-05-29 16:42:09,226 - Loaded System Directive: org.apache.velocity.runtime.directive.Break
2014-05-29 16:42:09,227 - Loaded System Directive: org.apache.velocity.runtime.directive.Evaluate
2014-05-29 16:42:09,227 - Loaded System Directive: org.apache.velocity.runtime.directive.Literal
2014-05-29 16:42:09,228 - Loaded System Directive: org.apache.velocity.runtime.directive.Macro
2014-05-29 16:42:09,230 - Loaded System Directive: org.apache.velocity.runtime.directive.Parse
2014-05-29 16:42:09,231 - Loaded System Directive: org.apache.velocity.runtime.directive.Include
2014-05-29 16:42:09,232 - Loaded System Directive: org.apache.velocity.runtime.directive.Foreach
2014-05-29 16:42:09,234 - Loaded User Directive: org.apache.struts2.views.velocity.components.ActionDirective
2014-05-29 16:42:09,235 - Loaded User Directive: org.apache.struts2.views.velocity.components.BeanDirective
2014-05-29 16:42:09,236 - Loaded User Directive: org.apache.struts2.views.velocity.components.CheckBoxDirective
2014-05-29 16:42:09,237 - Loaded User Directive: org.apache.struts2.views.velocity.components.CheckBoxListDirective
2014-05-29 16:42:09,238 - Loaded User Directive: org.apache.struts2.views.velocity.components.ComboBoxDirective
2014-05-29 16:42:09,238 - Loaded User Directive: org.apache.struts2.views.velocity.components.ComponentDirective
2014-05-29 16:42:09,239 - Loaded User Directive: org.apache.struts2.views.velocity.components.DateDirective
2014-05-29 16:42:09,240 - Loaded User Directive: org.apache.struts2.views.velocity.components.DivDirective
2014-05-29 16:42:09,241 - Loaded User Directive: org.apache.struts2.views.velocity.components.DoubleSelectDirective
2014-05-29 16:42:09,242 - Loaded User Directive: org.apache.struts2.views.velocity.components.FileDirective
2014-05-29 16:42:09,243 - Loaded User Directive: org.apache.struts2.views.velocity.components.FormDirective
2014-05-29 16:42:09,243 - Loaded User Directive: org.apache.struts2.views.velocity.components.HeadDirective
2014-05-29 16:42:09,244 - Loaded User Directive: org.apache.struts2.views.velocity.components.HiddenDirective
2014-05-29 16:42:09,245 - Loaded User Directive: org.apache.struts2.views.velocity.components.AnchorDirective
2014-05-29 16:42:09,245 - Loaded User Directive: org.apache.struts2.views.velocity.components.I18nDirective
2014-05-29 16:42:09,246 - Loaded User Directive: org.apache.struts2.views.velocity.components.IncludeDirective
2014-05-29 16:42:09,246 - Loaded User Directive: org.apache.struts2.views.velocity.components.LabelDirective
2014-05-29 16:42:09,247 - Loaded User Directive: org.apache.struts2.views.velocity.components.ParamDirective
2014-05-29 16:42:09,247 - Loaded User Directive: org.apache.struts2.views.velocity.components.PasswordDirective
2014-05-29 16:42:09,247 - Loaded User Directive: org.apache.struts2.views.velocity.components.PushDirective
2014-05-29 16:42:09,248 - Loaded User Directive: org.apache.struts2.views.velocity.components.PropertyDirective
2014-05-29 16:42:09,248 - Loaded User Directive: org.apache.struts2.views.velocity.components.RadioDirective
2014-05-29 16:42:09,249 - Loaded User Directive: org.apache.struts2.views.velocity.components.SelectDirective
2014-05-29 16:42:09,249 - Loaded User Directive: org.apache.struts2.views.velocity.components.SetDirective
2014-05-29 16:42:09,250 - Loaded User Directive: org.apache.struts2.views.velocity.components.SubmitDirective
2014-05-29 16:42:09,250 - Loaded User Directive: org.apache.struts2.views.velocity.components.ResetDirective
2014-05-29 16:42:09,251 - Loaded User Directive: org.apache.struts2.views.velocity.components.TextAreaDirective
2014-05-29 16:42:09,252 - Loaded User Directive: org.apache.struts2.views.velocity.components.TextDirective
2014-05-29 16:42:09,252 - Loaded User Directive: org.apache.struts2.views.velocity.components.TextFieldDirective
2014-05-29 16:42:09,253 - Loaded User Directive: org.apache.struts2.views.velocity.components.TokenDirective
2014-05-29 16:42:09,253 - Loaded User Directive: org.apache.struts2.views.velocity.components.URLDirective
2014-05-29 16:42:09,254 - Loaded User Directive: org.apache.struts2.views.velocity.components.ActionErrorDirective
2014-05-29 16:42:09,254 - Loaded User Directive: org.apache.struts2.views.velocity.components.ActionMessageDirective
2014-05-29 16:42:09,255 - Loaded User Directive: org.apache.struts2.views.velocity.components.FieldErrorDirective
2014-05-29 16:42:09,256 - Loaded User Directive: org.apache.struts2.views.velocity.components.OptionTransferSelectDirective
2014-05-29 16:42:09,256 - Loaded User Directive: org.apache.struts2.views.velocity.components.UpDownSelectDirective
2014-05-29 16:42:09,256 - Loaded User Directive: org.apache.struts2.views.velocity.components.ActionDirective
2014-05-29 16:42:09,256 - Loaded User Directive: org.apache.struts2.views.velocity.components.BeanDirective
2014-05-29 16:42:09,257 - Loaded User Directive: org.apache.struts2.views.velocity.components.CheckBoxDirective
2014-05-29 16:42:09,257 - Loaded User Directive: org.apache.struts2.views.velocity.components.CheckBoxListDirective
2014-05-29 16:42:09,257 - Loaded User Directive: org.apache.struts2.views.velocity.components.ComboBoxDirective
2014-05-29 16:42:09,257 - Loaded User Directive: org.apache.struts2.views.velocity.components.ComponentDirective
2014-05-29 16:42:09,257 - Loaded User Directive: org.apache.struts2.views.velocity.components.DateDirective
2014-05-29 16:42:09,257 - Loaded User Directive: org.apache.struts2.views.velocity.components.DivDirective
2014-05-29 16:42:09,257 - Loaded User Directive: org.apache.struts2.views.velocity.components.DoubleSelectDirective
2014-05-29 16:42:09,257 - Loaded User Directive: org.apache.struts2.views.velocity.components.FileDirective
2014-05-29 16:42:09,257 - Loaded User Directive: org.apache.struts2.views.velocity.components.FormDirective
2014-05-29 16:42:09,257 - Loaded User Directive: org.apache.struts2.views.velocity.components.HeadDirective
2014-05-29 16:42:09,257 - Loaded User Directive: org.apache.struts2.views.velocity.components.HiddenDirective
2014-05-29 16:42:09,257 - Loaded User Directive: org.apache.struts2.views.velocity.components.AnchorDirective
2014-05-29 16:42:09,257 - Loaded User Directive: org.apache.struts2.views.velocity.components.I18nDirective
2014-05-29 16:42:09,257 - Loaded User Directive: org.apache.struts2.views.velocity.components.IncludeDirective
2014-05-29 16:42:09,257 - Loaded User Directive: org.apache.struts2.views.velocity.components.LabelDirective
2014-05-29 16:42:09,257 - Loaded User Directive: org.apache.struts2.views.velocity.components.ParamDirective
2014-05-29 16:42:09,257 - Loaded User Directive: org.apache.struts2.views.velocity.components.PasswordDirective
2014-05-29 16:42:09,257 - Loaded User Directive: org.apache.struts2.views.velocity.components.PushDirective
2014-05-29 16:42:09,257 - Loaded User Directive: org.apache.struts2.views.velocity.components.PropertyDirective
2014-05-29 16:42:09,257 - Loaded User Directive: org.apache.struts2.views.velocity.components.RadioDirective
2014-05-29 16:42:09,257 - Loaded User Directive: org.apache.struts2.views.velocity.components.SelectDirective
2014-05-29 16:42:09,257 - Loaded User Directive: org.apache.struts2.views.velocity.components.SetDirective
2014-05-29 16:42:09,257 - Loaded User Directive: org.apache.struts2.views.velocity.components.SubmitDirective
2014-05-29 16:42:09,257 - Loaded User Directive: org.apache.struts2.views.velocity.components.ResetDirective
2014-05-29 16:42:09,257 - Loaded User Directive: org.apache.struts2.views.velocity.components.TextAreaDirective
2014-05-29 16:42:09,257 - Loaded User Directive: org.apache.struts2.views.velocity.components.TextDirective
2014-05-29 16:42:09,258 - Loaded User Directive: org.apache.struts2.views.velocity.components.TextFieldDirective
2014-05-29 16:42:09,258 - Loaded User Directive: org.apache.struts2.views.velocity.components.TokenDirective
2014-05-29 16:42:09,258 - Loaded User Directive: org.apache.struts2.views.velocity.components.URLDirective
2014-05-29 16:42:09,258 - Loaded User Directive: org.apache.struts2.views.velocity.components.ActionErrorDirective
2014-05-29 16:42:09,258 - Loaded User Directive: org.apache.struts2.views.velocity.components.ActionMessageDirective
2014-05-29 16:42:09,258 - Loaded User Directive: org.apache.struts2.views.velocity.components.FieldErrorDirective
2014-05-29 16:42:09,258 - Loaded User Directive: org.apache.struts2.views.velocity.components.OptionTransferSelectDirective
2014-05-29 16:42:09,258 - Loaded User Directive: org.apache.struts2.views.velocity.components.UpDownSelectDirective
2014-05-29 16:42:09,295 - Created '20' parsers.
2014-05-29 16:42:09,307 - Velocimacro : "velocimacro.library" is not set.  Trying default library: VM_global_library.vm
2014-05-29 16:42:09,308 - Velocimacro : Default library not found.
2014-05-29 16:42:09,308 - Velocimacro : allowInline = true : VMs can be defined inline in templates
2014-05-29 16:42:09,308 - Velocimacro : allowInlineToOverride = false : VMs defined inline may NOT replace previous VM definitions
2014-05-29 16:42:09,309 - Velocimacro : allowInlineLocal = false : VMs defined inline will be global in scope if allowed.
2014-05-29 16:42:09,309 - Velocimacro : autoload off : VM system will not automatically reload global library macros
2014-05-29 16:42:09,326 - ResourceManager : found /WEB-INF/vm/success.vm with loader org.apache.velocity.runtime.resource.loader.FileResourceLoader
2014-05-29 17:35:45,174 - Log4JLogChute initialized using file 'velocity.log'
2014-05-29 17:35:45,174 - Starting Apache Velocity v1.6.3 (compiled: 2009-12-07 15:40:14)
2014-05-29 17:35:45,174 - Default Properties File: org\apache\velocity\runtime\defaults\velocity.properties
2014-05-29 17:35:45,174 - Trying to use logger class org.apache.velocity.runtime.log.AvalonLogChute
2014-05-29 17:35:45,174 - Target log system for org.apache.velocity.runtime.log.AvalonLogChute is not available (java.lang.NoClassDefFoundError: org/apache/log/format/Formatter).  Falling back to next log system...
2014-05-29 17:35:45,174 - Trying to use logger class org.apache.velocity.runtime.log.Log4JLogChute
2014-05-29 17:35:45,174 - Using logger class org.apache.velocity.runtime.log.Log4JLogChute
2014-05-29 17:35:45,179 - ResourceLoader instantiated: org.apache.velocity.runtime.resource.loader.FileResourceLoader
2014-05-29 17:35:45,180 - Do unicode file recognition:  false
2014-05-29 17:35:45,180 - FileResourceLoader : adding path 'D:\temp\exercise-oauth2\exercise-oauth2-service-provider\src\main\webapp'
2014-05-29 17:35:45,181 - ResourceLoader instantiated: org.apache.struts2.views.velocity.StrutsResourceLoader
2014-05-29 17:35:45,195 - ResourceCache: initialized (class org.apache.velocity.runtime.resource.ResourceCacheImpl) with class java.util.Collections$SynchronizedMap cache map.
2014-05-29 17:35:45,196 - Loaded System Directive: org.apache.velocity.runtime.directive.Define
2014-05-29 17:35:45,196 - Loaded System Directive: org.apache.velocity.runtime.directive.Break
2014-05-29 17:35:45,197 - Loaded System Directive: org.apache.velocity.runtime.directive.Evaluate
2014-05-29 17:35:45,198 - Loaded System Directive: org.apache.velocity.runtime.directive.Literal
2014-05-29 17:35:45,199 - Loaded System Directive: org.apache.velocity.runtime.directive.Macro
2014-05-29 17:35:45,351 - Loaded System Directive: org.apache.velocity.runtime.directive.Parse
2014-05-29 17:35:45,353 - Loaded System Directive: org.apache.velocity.runtime.directive.Include
2014-05-29 17:35:45,354 - Loaded System Directive: org.apache.velocity.runtime.directive.Foreach
2014-05-29 17:35:45,356 - Loaded User Directive: org.apache.struts2.views.velocity.components.ActionDirective
2014-05-29 17:35:45,356 - Loaded User Directive: org.apache.struts2.views.velocity.components.BeanDirective
2014-05-29 17:35:45,358 - Loaded User Directive: org.apache.struts2.views.velocity.components.CheckBoxDirective
2014-05-29 17:35:45,358 - Loaded User Directive: org.apache.struts2.views.velocity.components.CheckBoxListDirective
2014-05-29 17:35:45,359 - Loaded User Directive: org.apache.struts2.views.velocity.components.ComboBoxDirective
2014-05-29 17:35:45,359 - Loaded User Directive: org.apache.struts2.views.velocity.components.ComponentDirective
2014-05-29 17:35:45,360 - Loaded User Directive: org.apache.struts2.views.velocity.components.DateDirective
2014-05-29 17:35:45,361 - Loaded User Directive: org.apache.struts2.views.velocity.components.DivDirective
2014-05-29 17:35:45,362 - Loaded User Directive: org.apache.struts2.views.velocity.components.DoubleSelectDirective
2014-05-29 17:35:45,363 - Loaded User Directive: org.apache.struts2.views.velocity.components.FileDirective
2014-05-29 17:35:45,364 - Loaded User Directive: org.apache.struts2.views.velocity.components.FormDirective
2014-05-29 17:35:45,365 - Loaded User Directive: org.apache.struts2.views.velocity.components.HeadDirective
2014-05-29 17:35:45,365 - Loaded User Directive: org.apache.struts2.views.velocity.components.HiddenDirective
2014-05-29 17:35:45,366 - Loaded User Directive: org.apache.struts2.views.velocity.components.AnchorDirective
2014-05-29 17:35:45,367 - Loaded User Directive: org.apache.struts2.views.velocity.components.I18nDirective
2014-05-29 17:35:45,368 - Loaded User Directive: org.apache.struts2.views.velocity.components.IncludeDirective
2014-05-29 17:35:45,368 - Loaded User Directive: org.apache.struts2.views.velocity.components.LabelDirective
2014-05-29 17:35:45,369 - Loaded User Directive: org.apache.struts2.views.velocity.components.ParamDirective
2014-05-29 17:35:45,369 - Loaded User Directive: org.apache.struts2.views.velocity.components.PasswordDirective
2014-05-29 17:35:45,369 - Loaded User Directive: org.apache.struts2.views.velocity.components.PushDirective
2014-05-29 17:35:45,370 - Loaded User Directive: org.apache.struts2.views.velocity.components.PropertyDirective
2014-05-29 17:35:45,370 - Loaded User Directive: org.apache.struts2.views.velocity.components.RadioDirective
2014-05-29 17:35:45,371 - Loaded User Directive: org.apache.struts2.views.velocity.components.SelectDirective
2014-05-29 17:35:45,371 - Loaded User Directive: org.apache.struts2.views.velocity.components.SetDirective
2014-05-29 17:35:45,372 - Loaded User Directive: org.apache.struts2.views.velocity.components.SubmitDirective
2014-05-29 17:35:45,372 - Loaded User Directive: org.apache.struts2.views.velocity.components.ResetDirective
2014-05-29 17:35:45,373 - Loaded User Directive: org.apache.struts2.views.velocity.components.TextAreaDirective
2014-05-29 17:35:45,373 - Loaded User Directive: org.apache.struts2.views.velocity.components.TextDirective
2014-05-29 17:35:45,374 - Loaded User Directive: org.apache.struts2.views.velocity.components.TextFieldDirective
2014-05-29 17:35:45,374 - Loaded User Directive: org.apache.struts2.views.velocity.components.TokenDirective
2014-05-29 17:35:45,375 - Loaded User Directive: org.apache.struts2.views.velocity.components.URLDirective
2014-05-29 17:35:45,375 - Loaded User Directive: org.apache.struts2.views.velocity.components.ActionErrorDirective
2014-05-29 17:35:45,375 - Loaded User Directive: org.apache.struts2.views.velocity.components.ActionMessageDirective
2014-05-29 17:35:45,376 - Loaded User Directive: org.apache.struts2.views.velocity.components.FieldErrorDirective
2014-05-29 17:35:45,377 - Loaded User Directive: org.apache.struts2.views.velocity.components.OptionTransferSelectDirective
2014-05-29 17:35:45,377 - Loaded User Directive: org.apache.struts2.views.velocity.components.UpDownSelectDirective
2014-05-29 17:35:45,377 - Loaded User Directive: org.apache.struts2.views.velocity.components.ActionDirective
2014-05-29 17:35:45,377 - Loaded User Directive: org.apache.struts2.views.velocity.components.BeanDirective
2014-05-29 17:35:45,377 - Loaded User Directive: org.apache.struts2.views.velocity.components.CheckBoxDirective
2014-05-29 17:35:45,377 - Loaded User Directive: org.apache.struts2.views.velocity.components.CheckBoxListDirective
2014-05-29 17:35:45,377 - Loaded User Directive: org.apache.struts2.views.velocity.components.ComboBoxDirective
2014-05-29 17:35:45,377 - Loaded User Directive: org.apache.struts2.views.velocity.components.ComponentDirective
2014-05-29 17:35:45,378 - Loaded User Directive: org.apache.struts2.views.velocity.components.DateDirective
2014-05-29 17:35:45,378 - Loaded User Directive: org.apache.struts2.views.velocity.components.DivDirective
2014-05-29 17:35:45,378 - Loaded User Directive: org.apache.struts2.views.velocity.components.DoubleSelectDirective
2014-05-29 17:35:45,378 - Loaded User Directive: org.apache.struts2.views.velocity.components.FileDirective
2014-05-29 17:35:45,378 - Loaded User Directive: org.apache.struts2.views.velocity.components.FormDirective
2014-05-29 17:35:45,378 - Loaded User Directive: org.apache.struts2.views.velocity.components.HeadDirective
2014-05-29 17:35:45,378 - Loaded User Directive: org.apache.struts2.views.velocity.components.HiddenDirective
2014-05-29 17:35:45,378 - Loaded User Directive: org.apache.struts2.views.velocity.components.AnchorDirective
2014-05-29 17:35:45,378 - Loaded User Directive: org.apache.struts2.views.velocity.components.I18nDirective
2014-05-29 17:35:45,378 - Loaded User Directive: org.apache.struts2.views.velocity.components.IncludeDirective
2014-05-29 17:35:45,378 - Loaded User Directive: org.apache.struts2.views.velocity.components.LabelDirective
2014-05-29 17:35:45,378 - Loaded User Directive: org.apache.struts2.views.velocity.components.ParamDirective
2014-05-29 17:35:45,378 - Loaded User Directive: org.apache.struts2.views.velocity.components.PasswordDirective
2014-05-29 17:35:45,378 - Loaded User Directive: org.apache.struts2.views.velocity.components.PushDirective
2014-05-29 17:35:45,378 - Loaded User Directive: org.apache.struts2.views.velocity.components.PropertyDirective
2014-05-29 17:35:45,378 - Loaded User Directive: org.apache.struts2.views.velocity.components.RadioDirective
2014-05-29 17:35:45,378 - Loaded User Directive: org.apache.struts2.views.velocity.components.SelectDirective
2014-05-29 17:35:45,378 - Loaded User Directive: org.apache.struts2.views.velocity.components.SetDirective
2014-05-29 17:35:45,378 - Loaded User Directive: org.apache.struts2.views.velocity.components.SubmitDirective
2014-05-29 17:35:45,378 - Loaded User Directive: org.apache.struts2.views.velocity.components.ResetDirective
2014-05-29 17:35:45,378 - Loaded User Directive: org.apache.struts2.views.velocity.components.TextAreaDirective
2014-05-29 17:35:45,378 - Loaded User Directive: org.apache.struts2.views.velocity.components.TextDirective
2014-05-29 17:35:45,378 - Loaded User Directive: org.apache.struts2.views.velocity.components.TextFieldDirective
2014-05-29 17:35:45,378 - Loaded User Directive: org.apache.struts2.views.velocity.components.TokenDirective
2014-05-29 17:35:45,378 - Loaded User Directive: org.apache.struts2.views.velocity.components.URLDirective
2014-05-29 17:35:45,378 - Loaded User Directive: org.apache.struts2.views.velocity.components.ActionErrorDirective
2014-05-29 17:35:45,379 - Loaded User Directive: org.apache.struts2.views.velocity.components.ActionMessageDirective
2014-05-29 17:35:45,379 - Loaded User Directive: org.apache.struts2.views.velocity.components.FieldErrorDirective
2014-05-29 17:35:45,379 - Loaded User Directive: org.apache.struts2.views.velocity.components.OptionTransferSelectDirective
2014-05-29 17:35:45,379 - Loaded User Directive: org.apache.struts2.views.velocity.components.UpDownSelectDirective
2014-05-29 17:35:45,408 - Created '20' parsers.
2014-05-29 17:35:45,413 - Velocimacro : "velocimacro.library" is not set.  Trying default library: VM_global_library.vm
2014-05-29 17:35:45,414 - Velocimacro : Default library not found.
2014-05-29 17:35:45,414 - Velocimacro : allowInline = true : VMs can be defined inline in templates
2014-05-29 17:35:45,414 - Velocimacro : allowInlineToOverride = false : VMs defined inline may NOT replace previous VM definitions
2014-05-29 17:35:45,414 - Velocimacro : allowInlineLocal = false : VMs defined inline will be global in scope if allowed.
2014-05-29 17:35:45,414 - Velocimacro : autoload off : VM system will not automatically reload global library macros
2014-05-29 17:35:45,430 - ResourceManager : found /WEB-INF/vm/success.vm with loader org.apache.velocity.runtime.resource.loader.FileResourceLoader
2014-07-30 11:06:13,286 - Log4JLogChute initialized using file 'velocity.log'
2014-07-30 11:06:13,300 - Starting Apache Velocity v1.6.3 (compiled: 2009-12-07 15:40:14)
2014-07-30 11:06:13,300 - Default Properties File: org\apache\velocity\runtime\defaults\velocity.properties
2014-07-30 11:06:13,300 - Trying to use logger class org.apache.velocity.runtime.log.AvalonLogChute
2014-07-30 11:06:13,300 - Target log system for org.apache.velocity.runtime.log.AvalonLogChute is not available (java.lang.NoClassDefFoundError: org/apache/log/format/Formatter).  Falling back to next log system...
2014-07-30 11:06:13,300 - Trying to use logger class org.apache.velocity.runtime.log.Log4JLogChute
2014-07-30 11:06:13,300 - Using logger class org.apache.velocity.runtime.log.Log4JLogChute
2014-07-30 11:06:13,315 - ResourceLoader instantiated: org.apache.velocity.runtime.resource.loader.FileResourceLoader
2014-07-30 11:06:13,316 - Do unicode file recognition:  false
2014-07-30 11:06:13,316 - FileResourceLoader : adding path 'D:\temp\exercise-oauth2\exercise-oauth2-service-provider\src\main\webapp'
2014-07-30 11:06:13,318 - ResourceLoader instantiated: org.apache.struts2.views.velocity.StrutsResourceLoader
2014-07-30 11:06:13,392 - ResourceCache: initialized (class org.apache.velocity.runtime.resource.ResourceCacheImpl) with class java.util.Collections$SynchronizedMap cache map.
2014-07-30 11:06:13,394 - Loaded System Directive: org.apache.velocity.runtime.directive.Define
2014-07-30 11:06:13,394 - Loaded System Directive: org.apache.velocity.runtime.directive.Break
2014-07-30 11:06:13,404 - Loaded System Directive: org.apache.velocity.runtime.directive.Evaluate
2014-07-30 11:06:13,405 - Loaded System Directive: org.apache.velocity.runtime.directive.Literal
2014-07-30 11:06:13,407 - Loaded System Directive: org.apache.velocity.runtime.directive.Macro
2014-07-30 11:06:13,408 - Loaded System Directive: org.apache.velocity.runtime.directive.Parse
2014-07-30 11:06:13,409 - Loaded System Directive: org.apache.velocity.runtime.directive.Include
2014-07-30 11:06:13,410 - Loaded System Directive: org.apache.velocity.runtime.directive.Foreach
2014-07-30 11:06:13,434 - Loaded User Directive: org.apache.struts2.views.velocity.components.ActionDirective
2014-07-30 11:06:13,434 - Loaded User Directive: org.apache.struts2.views.velocity.components.BeanDirective
2014-07-30 11:06:13,445 - Loaded User Directive: org.apache.struts2.views.velocity.components.CheckBoxDirective
2014-07-30 11:06:13,451 - Loaded User Directive: org.apache.struts2.views.velocity.components.CheckBoxListDirective
2014-07-30 11:06:13,452 - Loaded User Directive: org.apache.struts2.views.velocity.components.ComboBoxDirective
2014-07-30 11:06:13,453 - Loaded User Directive: org.apache.struts2.views.velocity.components.ComponentDirective
2014-07-30 11:06:13,454 - Loaded User Directive: org.apache.struts2.views.velocity.components.DateDirective
2014-07-30 11:06:13,455 - Loaded User Directive: org.apache.struts2.views.velocity.components.DivDirective
2014-07-30 11:06:13,459 - Loaded User Directive: org.apache.struts2.views.velocity.components.DoubleSelectDirective
2014-07-30 11:06:13,461 - Loaded User Directive: org.apache.struts2.views.velocity.components.FileDirective
2014-07-30 11:06:13,462 - Loaded User Directive: org.apache.struts2.views.velocity.components.FormDirective
2014-07-30 11:06:13,463 - Loaded User Directive: org.apache.struts2.views.velocity.components.HeadDirective
2014-07-30 11:06:13,463 - Loaded User Directive: org.apache.struts2.views.velocity.components.HiddenDirective
2014-07-30 11:06:13,464 - Loaded User Directive: org.apache.struts2.views.velocity.components.AnchorDirective
2014-07-30 11:06:13,465 - Loaded User Directive: org.apache.struts2.views.velocity.components.I18nDirective
2014-07-30 11:06:13,466 - Loaded User Directive: org.apache.struts2.views.velocity.components.IncludeDirective
2014-07-30 11:06:13,467 - Loaded User Directive: org.apache.struts2.views.velocity.components.LabelDirective
2014-07-30 11:06:13,468 - Loaded User Directive: org.apache.struts2.views.velocity.components.ParamDirective
2014-07-30 11:06:13,468 - Loaded User Directive: org.apache.struts2.views.velocity.components.PasswordDirective
2014-07-30 11:06:13,469 - Loaded User Directive: org.apache.struts2.views.velocity.components.PushDirective
2014-07-30 11:06:13,470 - Loaded User Directive: org.apache.struts2.views.velocity.components.PropertyDirective
2014-07-30 11:06:13,470 - Loaded User Directive: org.apache.struts2.views.velocity.components.RadioDirective
2014-07-30 11:06:13,471 - Loaded User Directive: org.apache.struts2.views.velocity.components.SelectDirective
2014-07-30 11:06:13,471 - Loaded User Directive: org.apache.struts2.views.velocity.components.SetDirective
2014-07-30 11:06:13,472 - Loaded User Directive: org.apache.struts2.views.velocity.components.SubmitDirective
2014-07-30 11:06:13,473 - Loaded User Directive: org.apache.struts2.views.velocity.components.ResetDirective
2014-07-30 11:06:13,473 - Loaded User Directive: org.apache.struts2.views.velocity.components.TextAreaDirective
2014-07-30 11:06:13,474 - Loaded User Directive: org.apache.struts2.views.velocity.components.TextDirective
2014-07-30 11:06:13,474 - Loaded User Directive: org.apache.struts2.views.velocity.components.TextFieldDirective
2014-07-30 11:06:13,475 - Loaded User Directive: org.apache.struts2.views.velocity.components.TokenDirective
2014-07-30 11:06:13,476 - Loaded User Directive: org.apache.struts2.views.velocity.components.URLDirective
2014-07-30 11:06:13,477 - Loaded User Directive: org.apache.struts2.views.velocity.components.ActionErrorDirective
2014-07-30 11:06:13,477 - Loaded User Directive: org.apache.struts2.views.velocity.components.ActionMessageDirective
2014-07-30 11:06:13,478 - Loaded User Directive: org.apache.struts2.views.velocity.components.FieldErrorDirective
2014-07-30 11:06:13,479 - Loaded User Directive: org.apache.struts2.views.velocity.components.OptionTransferSelectDirective
2014-07-30 11:06:13,480 - Loaded User Directive: org.apache.struts2.views.velocity.components.UpDownSelectDirective
2014-07-30 11:06:13,480 - Loaded User Directive: org.apache.struts2.views.velocity.components.ActionDirective
2014-07-30 11:06:13,480 - Loaded User Directive: org.apache.struts2.views.velocity.components.BeanDirective
2014-07-30 11:06:13,480 - Loaded User Directive: org.apache.struts2.views.velocity.components.CheckBoxDirective
2014-07-30 11:06:13,480 - Loaded User Directive: org.apache.struts2.views.velocity.components.CheckBoxListDirective
2014-07-30 11:06:13,480 - Loaded User Directive: org.apache.struts2.views.velocity.components.ComboBoxDirective
2014-07-30 11:06:13,480 - Loaded User Directive: org.apache.struts2.views.velocity.components.ComponentDirective
2014-07-30 11:06:13,480 - Loaded User Directive: org.apache.struts2.views.velocity.components.DateDirective
2014-07-30 11:06:13,480 - Loaded User Directive: org.apache.struts2.views.velocity.components.DivDirective
2014-07-30 11:06:13,480 - Loaded User Directive: org.apache.struts2.views.velocity.components.DoubleSelectDirective
2014-07-30 11:06:13,480 - Loaded User Directive: org.apache.struts2.views.velocity.components.FileDirective
2014-07-30 11:06:13,480 - Loaded User Directive: org.apache.struts2.views.velocity.components.FormDirective
2014-07-30 11:06:13,480 - Loaded User Directive: org.apache.struts2.views.velocity.components.HeadDirective
2014-07-30 11:06:13,480 - Loaded User Directive: org.apache.struts2.views.velocity.components.HiddenDirective
2014-07-30 11:06:13,480 - Loaded User Directive: org.apache.struts2.views.velocity.components.AnchorDirective
2014-07-30 11:06:13,480 - Loaded User Directive: org.apache.struts2.views.velocity.components.I18nDirective
2014-07-30 11:06:13,480 - Loaded User Directive: org.apache.struts2.views.velocity.components.IncludeDirective
2014-07-30 11:06:13,480 - Loaded User Directive: org.apache.struts2.views.velocity.components.LabelDirective
2014-07-30 11:06:13,480 - Loaded User Directive: org.apache.struts2.views.velocity.components.ParamDirective
2014-07-30 11:06:13,480 - Loaded User Directive: org.apache.struts2.views.velocity.components.PasswordDirective
2014-07-30 11:06:13,480 - Loaded User Directive: org.apache.struts2.views.velocity.components.PushDirective
2014-07-30 11:06:13,480 - Loaded User Directive: org.apache.struts2.views.velocity.components.PropertyDirective
2014-07-30 11:06:13,480 - Loaded User Directive: org.apache.struts2.views.velocity.components.RadioDirective
2014-07-30 11:06:13,480 - Loaded User Directive: org.apache.struts2.views.velocity.components.SelectDirective
2014-07-30 11:06:13,480 - Loaded User Directive: org.apache.struts2.views.velocity.components.SetDirective
2014-07-30 11:06:13,480 - Loaded User Directive: org.apache.struts2.views.velocity.components.SubmitDirective
2014-07-30 11:06:13,480 - Loaded User Directive: org.apache.struts2.views.velocity.components.ResetDirective
2014-07-30 11:06:13,481 - Loaded User Directive: org.apache.struts2.views.velocity.components.TextAreaDirective
2014-07-30 11:06:13,481 - Loaded User Directive: org.apache.struts2.views.velocity.components.TextDirective
2014-07-30 11:06:13,481 - Loaded User Directive: org.apache.struts2.views.velocity.components.TextFieldDirective
2014-07-30 11:06:13,481 - Loaded User Directive: org.apache.struts2.views.velocity.components.TokenDirective
2014-07-30 11:06:13,481 - Loaded User Directive: org.apache.struts2.views.velocity.components.URLDirective
2014-07-30 11:06:13,481 - Loaded User Directive: org.apache.struts2.views.velocity.components.ActionErrorDirective
2014-07-30 11:06:13,481 - Loaded User Directive: org.apache.struts2.views.velocity.components.ActionMessageDirective
2014-07-30 11:06:13,481 - Loaded User Directive: org.apache.struts2.views.velocity.components.FieldErrorDirective
2014-07-30 11:06:13,481 - Loaded User Directive: org.apache.struts2.views.velocity.components.OptionTransferSelectDirective
2014-07-30 11:06:13,481 - Loaded User Directive: org.apache.struts2.views.velocity.components.UpDownSelectDirective
2014-07-30 11:06:13,530 - Created '20' parsers.
2014-07-30 11:06:13,535 - Velocimacro : "velocimacro.library" is not set.  Trying default library: VM_global_library.vm
2014-07-30 11:06:13,537 - Velocimacro : Default library not found.
2014-07-30 11:06:13,537 - Velocimacro : allowInline = true : VMs can be defined inline in templates
2014-07-30 11:06:13,537 - Velocimacro : allowInlineToOverride = false : VMs defined inline may NOT replace previous VM definitions
2014-07-30 11:06:13,537 - Velocimacro : allowInlineLocal = false : VMs defined inline will be global in scope if allowed.
2014-07-30 11:06:13,537 - Velocimacro : autoload off : VM system will not automatically reload global library macros
2014-07-30 11:06:13,563 - ResourceManager : found /WEB-INF/vm/success.vm with loader org.apache.velocity.runtime.resource.loader.FileResourceLoader
2014-08-14 16:22:30,931 - Log4JLogChute initialized using file 'velocity.log'
2014-08-14 16:22:30,943 - Starting Apache Velocity v1.6.3 (compiled: 2009-12-07 15:40:14)
2014-08-14 16:22:30,943 - Default Properties File: org\apache\velocity\runtime\defaults\velocity.properties
2014-08-14 16:22:30,943 - Trying to use logger class org.apache.velocity.runtime.log.AvalonLogChute
2014-08-14 16:22:30,943 - Target log system for org.apache.velocity.runtime.log.AvalonLogChute is not available (java.lang.NoClassDefFoundError: org/apache/log/format/Formatter).  Falling back to next log system...
2014-08-14 16:22:30,943 - Trying to use logger class org.apache.velocity.runtime.log.Log4JLogChute
2014-08-14 16:22:30,943 - Using logger class org.apache.velocity.runtime.log.Log4JLogChute
2014-08-14 16:22:31,091 - ResourceLoader instantiated: org.apache.velocity.runtime.resource.loader.FileResourceLoader
2014-08-14 16:22:31,094 - Do unicode file recognition:  false
2014-08-14 16:22:31,094 - FileResourceLoader : adding path 'D:\temp\exercise-oauth2\exercise-oauth2-service-provider\src\main\webapp'
2014-08-14 16:22:31,154 - ResourceLoader instantiated: org.apache.struts2.views.velocity.StrutsResourceLoader
2014-08-14 16:22:31,245 - ResourceCache: initialized (class org.apache.velocity.runtime.resource.ResourceCacheImpl) with class java.util.Collections$SynchronizedMap cache map.
2014-08-14 16:22:31,247 - Loaded System Directive: org.apache.velocity.runtime.directive.Define
2014-08-14 16:22:31,249 - Loaded System Directive: org.apache.velocity.runtime.directive.Break
2014-08-14 16:22:31,260 - Loaded System Directive: org.apache.velocity.runtime.directive.Evaluate
2014-08-14 16:22:31,261 - Loaded System Directive: org.apache.velocity.runtime.directive.Literal
2014-08-14 16:22:31,271 - Loaded System Directive: org.apache.velocity.runtime.directive.Macro
2014-08-14 16:22:31,273 - Loaded System Directive: org.apache.velocity.runtime.directive.Parse
2014-08-14 16:22:31,292 - Loaded System Directive: org.apache.velocity.runtime.directive.Include
2014-08-14 16:22:31,294 - Loaded System Directive: org.apache.velocity.runtime.directive.Foreach
2014-08-14 16:22:31,323 - Loaded User Directive: org.apache.struts2.views.velocity.components.ActionDirective
2014-08-14 16:22:31,324 - Loaded User Directive: org.apache.struts2.views.velocity.components.BeanDirective
2014-08-14 16:22:31,335 - Loaded User Directive: org.apache.struts2.views.velocity.components.CheckBoxDirective
2014-08-14 16:22:31,352 - Loaded User Directive: org.apache.struts2.views.velocity.components.CheckBoxListDirective
2014-08-14 16:22:31,353 - Loaded User Directive: org.apache.struts2.views.velocity.components.ComboBoxDirective
2014-08-14 16:22:31,354 - Loaded User Directive: org.apache.struts2.views.velocity.components.ComponentDirective
2014-08-14 16:22:31,356 - Loaded User Directive: org.apache.struts2.views.velocity.components.DateDirective
2014-08-14 16:22:31,357 - Loaded User Directive: org.apache.struts2.views.velocity.components.DivDirective
2014-08-14 16:22:31,359 - Loaded User Directive: org.apache.struts2.views.velocity.components.DoubleSelectDirective
2014-08-14 16:22:31,361 - Loaded User Directive: org.apache.struts2.views.velocity.components.FileDirective
2014-08-14 16:22:31,363 - Loaded User Directive: org.apache.struts2.views.velocity.components.FormDirective
2014-08-14 16:22:31,364 - Loaded User Directive: org.apache.struts2.views.velocity.components.HeadDirective
2014-08-14 16:22:31,365 - Loaded User Directive: org.apache.struts2.views.velocity.components.HiddenDirective
2014-08-14 16:22:31,366 - Loaded User Directive: org.apache.struts2.views.velocity.components.AnchorDirective
2014-08-14 16:22:31,368 - Loaded User Directive: org.apache.struts2.views.velocity.components.I18nDirective
2014-08-14 16:22:31,369 - Loaded User Directive: org.apache.struts2.views.velocity.components.IncludeDirective
2014-08-14 16:22:31,370 - Loaded User Directive: org.apache.struts2.views.velocity.components.LabelDirective
2014-08-14 16:22:31,371 - Loaded User Directive: org.apache.struts2.views.velocity.components.ParamDirective
2014-08-14 16:22:31,372 - Loaded User Directive: org.apache.struts2.views.velocity.components.PasswordDirective
2014-08-14 16:22:31,373 - Loaded User Directive: org.apache.struts2.views.velocity.components.PushDirective
2014-08-14 16:22:31,374 - Loaded User Directive: org.apache.struts2.views.velocity.components.PropertyDirective
2014-08-14 16:22:31,374 - Loaded User Directive: org.apache.struts2.views.velocity.components.RadioDirective
2014-08-14 16:22:31,379 - Loaded User Directive: org.apache.struts2.views.velocity.components.SelectDirective
2014-08-14 16:22:31,380 - Loaded User Directive: org.apache.struts2.views.velocity.components.SetDirective
2014-08-14 16:22:31,382 - Loaded User Directive: org.apache.struts2.views.velocity.components.SubmitDirective
2014-08-14 16:22:31,383 - Loaded User Directive: org.apache.struts2.views.velocity.components.ResetDirective
2014-08-14 16:22:31,384 - Loaded User Directive: org.apache.struts2.views.velocity.components.TextAreaDirective
2014-08-14 16:22:31,385 - Loaded User Directive: org.apache.struts2.views.velocity.components.TextDirective
2014-08-14 16:22:31,385 - Loaded User Directive: org.apache.struts2.views.velocity.components.TextFieldDirective
2014-08-14 16:22:31,386 - Loaded User Directive: org.apache.struts2.views.velocity.components.TokenDirective
2014-08-14 16:22:31,387 - Loaded User Directive: org.apache.struts2.views.velocity.components.URLDirective
2014-08-14 16:22:31,388 - Loaded User Directive: org.apache.struts2.views.velocity.components.ActionErrorDirective
2014-08-14 16:22:31,389 - Loaded User Directive: org.apache.struts2.views.velocity.components.ActionMessageDirective
2014-08-14 16:22:31,390 - Loaded User Directive: org.apache.struts2.views.velocity.components.FieldErrorDirective
2014-08-14 16:22:31,391 - Loaded User Directive: org.apache.struts2.views.velocity.components.OptionTransferSelectDirective
2014-08-14 16:22:31,392 - Loaded User Directive: org.apache.struts2.views.velocity.components.UpDownSelectDirective
2014-08-14 16:22:31,392 - Loaded User Directive: org.apache.struts2.views.velocity.components.ActionDirective
2014-08-14 16:22:31,392 - Loaded User Directive: org.apache.struts2.views.velocity.components.BeanDirective
2014-08-14 16:22:31,392 - Loaded User Directive: org.apache.struts2.views.velocity.components.CheckBoxDirective
2014-08-14 16:22:31,392 - Loaded User Directive: org.apache.struts2.views.velocity.components.CheckBoxListDirective
2014-08-14 16:22:31,392 - Loaded User Directive: org.apache.struts2.views.velocity.components.ComboBoxDirective
2014-08-14 16:22:31,393 - Loaded User Directive: org.apache.struts2.views.velocity.components.ComponentDirective
2014-08-14 16:22:31,393 - Loaded User Directive: org.apache.struts2.views.velocity.components.DateDirective
2014-08-14 16:22:31,393 - Loaded User Directive: org.apache.struts2.views.velocity.components.DivDirective
2014-08-14 16:22:31,393 - Loaded User Directive: org.apache.struts2.views.velocity.components.DoubleSelectDirective
2014-08-14 16:22:31,393 - Loaded User Directive: org.apache.struts2.views.velocity.components.FileDirective
2014-08-14 16:22:31,393 - Loaded User Directive: org.apache.struts2.views.velocity.components.FormDirective
2014-08-14 16:22:31,393 - Loaded User Directive: org.apache.struts2.views.velocity.components.HeadDirective
2014-08-14 16:22:31,393 - Loaded User Directive: org.apache.struts2.views.velocity.components.HiddenDirective
2014-08-14 16:22:31,393 - Loaded User Directive: org.apache.struts2.views.velocity.components.AnchorDirective
2014-08-14 16:22:31,393 - Loaded User Directive: org.apache.struts2.views.velocity.components.I18nDirective
2014-08-14 16:22:31,393 - Loaded User Directive: org.apache.struts2.views.velocity.components.IncludeDirective
2014-08-14 16:22:31,393 - Loaded User Directive: org.apache.struts2.views.velocity.components.LabelDirective
2014-08-14 16:22:31,393 - Loaded User Directive: org.apache.struts2.views.velocity.components.ParamDirective
2014-08-14 16:22:31,393 - Loaded User Directive: org.apache.struts2.views.velocity.components.PasswordDirective
2014-08-14 16:22:31,393 - Loaded User Directive: org.apache.struts2.views.velocity.components.PushDirective
2014-08-14 16:22:31,393 - Loaded User Directive: org.apache.struts2.views.velocity.components.PropertyDirective
2014-08-14 16:22:31,393 - Loaded User Directive: org.apache.struts2.views.velocity.components.RadioDirective
2014-08-14 16:22:31,393 - Loaded User Directive: org.apache.struts2.views.velocity.components.SelectDirective
2014-08-14 16:22:31,393 - Loaded User Directive: org.apache.struts2.views.velocity.components.SetDirective
2014-08-14 16:22:31,393 - Loaded User Directive: org.apache.struts2.views.velocity.components.SubmitDirective
2014-08-14 16:22:31,394 - Loaded User Directive: org.apache.struts2.views.velocity.components.ResetDirective
2014-08-14 16:22:31,394 - Loaded User Directive: org.apache.struts2.views.velocity.components.TextAreaDirective
2014-08-14 16:22:31,394 - Loaded User Directive: org.apache.struts2.views.velocity.components.TextDirective
2014-08-14 16:22:31,394 - Loaded User Directive: org.apache.struts2.views.velocity.components.TextFieldDirective
2014-08-14 16:22:31,394 - Loaded User Directive: org.apache.struts2.views.velocity.components.TokenDirective
2014-08-14 16:22:31,394 - Loaded User Directive: org.apache.struts2.views.velocity.components.URLDirective
2014-08-14 16:22:31,394 - Loaded User Directive: org.apache.struts2.views.velocity.components.ActionErrorDirective
2014-08-14 16:22:31,394 - Loaded User Directive: org.apache.struts2.views.velocity.components.ActionMessageDirective
2014-08-14 16:22:31,394 - Loaded User Directive: org.apache.struts2.views.velocity.components.FieldErrorDirective
2014-08-14 16:22:31,394 - Loaded User Directive: org.apache.struts2.views.velocity.components.OptionTransferSelectDirective
2014-08-14 16:22:31,394 - Loaded User Directive: org.apache.struts2.views.velocity.components.UpDownSelectDirective
2014-08-14 16:22:31,460 - Created '20' parsers.
2014-08-14 16:22:31,610 - Velocimacro : "velocimacro.library" is not set.  Trying default library: VM_global_library.vm
2014-08-14 16:22:31,611 - Velocimacro : Default library not found.
2014-08-14 16:22:31,611 - Velocimacro : allowInline = true : VMs can be defined inline in templates
2014-08-14 16:22:31,611 - Velocimacro : allowInlineToOverride = false : VMs defined inline may NOT replace previous VM definitions
2014-08-14 16:22:31,611 - Velocimacro : allowInlineLocal = false : VMs defined inline will be global in scope if allowed.
2014-08-14 16:22:31,611 - Velocimacro : autoload off : VM system will not automatically reload global library macros
2014-08-14 16:22:31,641 - ResourceManager : found /WEB-INF/vm/success.vm with loader org.apache.velocity.runtime.resource.loader.FileResourceLoader
